\BOOKMARK [0][-]{chapter.1}{Introduction}{}% 1
\BOOKMARK [1][-]{section.1.1}{Technical overview}{chapter.1}% 2
\BOOKMARK [1][-]{section.1.2}{Getting started}{chapter.1}% 3
\BOOKMARK [0][-]{chapter.2}{A walk through JuliaBase}{}% 4
\BOOKMARK [1][-]{section.2.1}{The demo site}{chapter.2}% 5
\BOOKMARK [1][-]{section.2.2}{The demo accounts}{chapter.2}% 6
\BOOKMARK [1][-]{section.2.3}{Rosalee: The everyday work}{chapter.2}% 7
\BOOKMARK [1][-]{section.2.4}{Juliette: The assigner of work}{chapter.2}% 8
\BOOKMARK [1][-]{section.2.5}{Nick: Technical service for others}{chapter.2}% 9
\BOOKMARK [1][-]{section.2.6}{Sean: The team leader}{chapter.2}% 10
\BOOKMARK [0][-]{chapter.3}{Installation}{}% 11
\BOOKMARK [1][-]{section.3.1}{Prerequisites}{chapter.3}% 12
\BOOKMARK [1][-]{section.3.2}{Linux configuration}{chapter.3}% 13
\BOOKMARK [1][-]{section.3.3}{PostgreSQL}{chapter.3}% 14
\BOOKMARK [1][-]{section.3.4}{Django}{chapter.3}% 15
\BOOKMARK [1][-]{section.3.5}{JuliaBase}{chapter.3}% 16
\BOOKMARK [1][-]{section.3.6}{Apache}{chapter.3}% 17
\BOOKMARK [0][-]{chapter.4}{Programming}{}% 18
\BOOKMARK [1][-]{section.4.1}{Organizing your source code}{chapter.4}% 19
\BOOKMARK [1][-]{section.4.2}{Creating a new Django app}{chapter.4}% 20
\BOOKMARK [1][-]{section.4.3}{Adding a new process module}{chapter.4}% 21
\BOOKMARK [1][-]{section.4.4}{A more complex example: Writing a deposition module}{chapter.4}% 22
\BOOKMARK [1][-]{section.4.5}{Process glossary}{chapter.4}% 23
\BOOKMARK [0][-]{chapter.5}{Model permissions}{}% 24
\BOOKMARK [1][-]{section.5.1}{Semantics and conventions}{chapter.5}% 25
\BOOKMARK [1][-]{section.5.2}{Omitting permissions}{chapter.5}% 26
\BOOKMARK [1][-]{section.5.3}{Django's default permissions}{chapter.5}% 27
\BOOKMARK [0][-]{chapter.6}{Class-based views}{}% 28
\BOOKMARK [1][-]{section.6.1}{The API}{chapter.6}% 29
\BOOKMARK [1][-]{section.6.2}{Main classes}{chapter.6}% 30
\BOOKMARK [1][-]{section.6.3}{Mixins}{chapter.6}% 31
\BOOKMARK [0][-]{chapter.7}{The remote client}{}% 32
\BOOKMARK [1][-]{section.7.1}{Use cases}{chapter.7}% 33
\BOOKMARK [1][-]{section.7.2}{Extending the remote client}{chapter.7}% 34
\BOOKMARK [1][-]{section.7.3}{Local installation and usage}{chapter.7}% 35
\BOOKMARK [1][-]{section.7.4}{Other programming languages}{chapter.7}% 36
\BOOKMARK [1][-]{section.7.5}{Classes and functions}{chapter.7}% 37
\BOOKMARK [0][-]{chapter.8}{Settings reference}{}% 38
\BOOKMARK [1][-]{section.8.1}{General JuliaBase settings}{chapter.8}% 39
\BOOKMARK [1][-]{section.8.2}{Settings for LDAP}{chapter.8}% 40
\BOOKMARK [1][-]{section.8.3}{Django settings with special meaning in JuliaBase}{chapter.8}% 41
\BOOKMARK [0][-]{chapter.9}{Sample names}{}% 42
\BOOKMARK [1][-]{section.9.1}{Name format properties}{chapter.9}% 43
\BOOKMARK [1][-]{section.9.2}{Provisional sample names}{chapter.9}% 44
\BOOKMARK [1][-]{section.9.3}{Initials}{chapter.9}% 45
\BOOKMARK [1][-]{section.9.4}{Name prefix templates}{chapter.9}% 46
\BOOKMARK [0][-]{chapter.10}{Hacking on JuliaBase}{}% 47
\BOOKMARK [1][-]{section.10.1}{Architecture}{chapter.10}% 48
\BOOKMARK [1][-]{section.10.2}{Coding guidelines}{chapter.10}% 49
\BOOKMARK [0][-]{chapter.11}{Utilities}{}% 50
\BOOKMARK [1][-]{section.11.1}{Common helpers}{chapter.11}% 51
\BOOKMARK [1][-]{section.11.2}{Feed reporting}{chapter.11}% 52
\BOOKMARK [1][-]{section.11.3}{Form field classes}{chapter.11}% 53
\BOOKMARK [1][-]{section.11.4}{Form classes}{chapter.11}% 54
\BOOKMARK [1][-]{section.11.5}{Plots}{chapter.11}% 55
\BOOKMARK [1][-]{section.11.6}{URLs}{chapter.11}% 56
\BOOKMARK [0][-]{chapter.12}{Template tags and filters}{}% 57
\BOOKMARK [1][-]{section.12.1}{JuliaBase core}{chapter.12}% 58
\BOOKMARK [1][-]{section.12.2}{Samples}{chapter.12}% 59
\BOOKMARK [0][-]{chapter.13}{Markdown}{}% 60
\BOOKMARK [1][-]{section.13.1}{Paragraphs}{chapter.13}% 61
\BOOKMARK [1][-]{section.13.2}{Emphasis}{chapter.13}% 62
\BOOKMARK [1][-]{section.13.3}{Escaping characters}{chapter.13}% 63
\BOOKMARK [1][-]{section.13.4}{Special characters}{chapter.13}% 64
\BOOKMARK [1][-]{section.13.5}{Math equations}{chapter.13}% 65
\BOOKMARK [1][-]{section.13.6}{Links}{chapter.13}% 66
\BOOKMARK [1][-]{section.13.7}{Lists}{chapter.13}% 67
\BOOKMARK [1][-]{section.13.8}{Line breaks}{chapter.13}% 68
\BOOKMARK [0][-]{chapter.14}{The JuliaBase project}{}% 69
\BOOKMARK [1][-]{section.14.1}{Licenses}{chapter.14}% 70
\BOOKMARK [1][-]{section.14.2}{Short project history}{chapter.14}% 71
\BOOKMARK [0][-]{section*.142}{Index}{}% 72
